# JRE version: Java(TM) SE Runtime Environment (8.0_181-b13) (build 1.8.0_181-b13)
# Java VM: Java HotSpot(TM) 64-Bit Server VM (25.181-b13 mixed mode windows-amd64 compressed oops)
Heap:
 PSYoungGen      total 141824K, used 72522K [0x00000000da180000, 0x00000000e3680000, 0x0000000100000000)
  eden space 131072K, 55% used [0x00000000da180000,0x00000000de852928,0x00000000e2180000)
  from space 10752K, 0% used [0x00000000e2c00000,0x00000000e2c00000,0x00000000e3680000)
  to   space 10752K, 0% used [0x00000000e2180000,0x00000000e2180000,0x00000000e2c00000)
 ParOldGen       total 120320K, used 13152K [0x000000008e400000, 0x0000000095980000, 0x00000000da180000)
  object space 120320K, 10% used [0x000000008e400000,0x000000008f0d81a8,0x0000000095980000)
 Metaspace       used 26943K, capacity 27452K, committed 27648K, reserved 1073152K
  class space    used 3284K, capacity 3479K, committed 3584K, reserved 1048576K
GC Heap History (10 events):
Event: 1.804 GC heap before
{Heap before GC invocations=1 (full 0):
 PSYoungGen      total 76288K, used 65536K [0x00000000da180000, 0x00000000df680000, 0x0000000100000000)
  eden space 65536K, 100% used [0x00000000da180000,0x00000000de180000,0x00000000de180000)
  from space 10752K, 0% used [0x00000000dec00000,0x00000000dec00000,0x00000000df680000)
  to   space 10752K, 0% used [0x00000000de180000,0x00000000de180000,0x00000000dec00000)
 ParOldGen       total 175104K, used 0K [0x000000008e400000, 0x0000000098f00000, 0x00000000da180000)
  object space 175104K, 0% used [0x000000008e400000,0x000000008e400000,0x0000000098f00000)
 Metaspace       used 9934K, capacity 10022K, committed 10240K, reserved 1058816K
  class space    used 1116K, capacity 1169K, committed 1280K, reserved 1048576K
Event: 1.811 GC heap after
Heap after GC invocations=1 (full 0):
 PSYoungGen      total 76288K, used 7002K [0x00000000da180000, 0x00000000df680000, 0x0000000100000000)
  eden space 65536K, 0% used [0x00000000da180000,0x00000000da180000,0x00000000de180000)
  from space 10752K, 65% used [0x00000000de180000,0x00000000de856908,0x00000000dec00000)
  to   space 10752K, 0% used [0x00000000dec00000,0x00000000dec00000,0x00000000df680000)
 ParOldGen       total 175104K, used 8K [0x000000008e400000, 0x0000000098f00000, 0x00000000da180000)
  object space 175104K, 0% used [0x000000008e400000,0x000000008e402000,0x0000000098f00000)
 Metaspace       used 9934K, capacity 10022K, committed 10240K, reserved 1058816K
  class space    used 1116K, capacity 1169K, committed 1280K, reserved 1048576K
}
Event: 2.835 GC heap before
{Heap before GC invocations=2 (full 0):
 PSYoungGen      total 76288K, used 72538K [0x00000000da180000, 0x00000000df680000, 0x0000000100000000)
  eden space 65536K, 100% used [0x00000000da180000,0x00000000de180000,0x00000000de180000)
  from space 10752K, 65% used [0x00000000de180000,0x00000000de856908,0x00000000dec00000)
  to   space 10752K, 0% used [0x00000000dec00000,0x00000000dec00000,0x00000000df680000)
 ParOldGen       total 175104K, used 8K [0x000000008e400000, 0x0000000098f00000, 0x00000000da180000)
  object space 175104K, 0% used [0x000000008e400000,0x000000008e402000,0x0000000098f00000)
 Metaspace       used 18183K, capacity 18382K, committed 18816K, reserved 1067008K
  class space    used 2045K, capacity 2103K, committed 2176K, reserved 1048576K
Event: 2.847 GC heap after
Heap after GC invocations=2 (full 0):
 PSYoungGen      total 76288K, used 10214K [0x00000000da180000, 0x00000000df680000, 0x0000000100000000)
  eden space 65536K, 0% used [0x00000000da180000,0x00000000da180000,0x00000000de180000)
  from space 10752K, 95% used [0x00000000dec00000,0x00000000df5f9a30,0x00000000df680000)
  to   space 10752K, 0% used [0x00000000de180000,0x00000000de180000,0x00000000dec00000)
 ParOldGen       total 175104K, used 80K [0x000000008e400000, 0x0000000098f00000, 0x00000000da180000)
  object space 175104K, 0% used [0x000000008e400000,0x000000008e414010,0x0000000098f00000)
 Metaspace       used 18183K, capacity 18382K, committed 18816K, reserved 1067008K
  class space    used 2045K, capacity 2103K, committed 2176K, reserved 1048576K
}
Event: 3.902 GC heap before
{Heap before GC invocations=3 (full 0):
 PSYoungGen      total 76288K, used 75750K [0x00000000da180000, 0x00000000df680000, 0x0000000100000000)
  eden space 65536K, 100% used [0x00000000da180000,0x00000000de180000,0x00000000de180000)
  from space 10752K, 95% used [0x00000000dec00000,0x00000000df5f9a30,0x00000000df680000)
  to   space 10752K, 0% used [0x00000000de180000,0x00000000de180000,0x00000000dec00000)
 ParOldGen       total 175104K, used 80K [0x000000008e400000, 0x0000000098f00000, 0x00000000da180000)
  object space 175104K, 0% used [0x000000008e400000,0x000000008e414010,0x0000000098f00000)
 Metaspace       used 20260K, capacity 20574K, committed 20864K, reserved 1067008K
  class space    used 2252K, capacity 2364K, committed 2432K, reserved 1048576K
Event: 3.920 GC heap after
Heap after GC invocations=3 (full 0):
 PSYoungGen      total 76288K, used 10297K [0x00000000da180000, 0x00000000e3680000, 0x0000000100000000)
  eden space 65536K, 0% used [0x00000000da180000,0x00000000da180000,0x00000000de180000)
  from space 10752K, 95% used [0x00000000de180000,0x00000000deb8e5f8,0x00000000dec00000)
  to   space 10752K, 0% used [0x00000000e2c00000,0x00000000e2c00000,0x00000000e3680000)
 ParOldGen       total 175104K, used 88K [0x000000008e400000, 0x0000000098f00000, 0x00000000da180000)
  object space 175104K, 0% used [0x000000008e400000,0x000000008e416010,0x0000000098f00000)
 Metaspace       used 20260K, capacity 20574K, committed 20864K, reserved 1067008K
  class space    used 2252K, capacity 2364K, committed 2432K, reserved 1048576K
}
Event: 4.490 GC heap before
{Heap before GC invocations=4 (full 0):
 PSYoungGen      total 76288K, used 46876K [0x00000000da180000, 0x00000000e3680000, 0x0000000100000000)
  eden space 65536K, 55% used [0x00000000da180000,0x00000000dc538bf0,0x00000000de180000)
  from space 10752K, 95% used [0x00000000de180000,0x00000000deb8e5f8,0x00000000dec00000)
  to   space 10752K, 0% used [0x00000000e2c00000,0x00000000e2c00000,0x00000000e3680000)
 ParOldGen       total 175104K, used 88K [0x000000008e400000, 0x0000000098f00000, 0x00000000da180000)
  object space 175104K, 0% used [0x000000008e400000,0x000000008e416010,0x0000000098f00000)
 Metaspace       used 20770K, capacity 21022K, committed 21248K, reserved 1069056K
  class space    used 2338K, capacity 2452K, committed 2560K, reserved 1048576K
Event: 4.532 GC heap after
Heap after GC invocations=4 (full 0):
 PSYoungGen      total 141824K, used 10728K [0x00000000da180000, 0x00000000e3680000, 0x0000000100000000)
  eden space 131072K, 0% used [0x00000000da180000,0x00000000da180000,0x00000000e2180000)
  from space 10752K, 99% used [0x00000000e2c00000,0x00000000e367a0e0,0x00000000e3680000)
  to   space 10752K, 0% used [0x00000000e2180000,0x00000000e2180000,0x00000000e2c00000)
 ParOldGen       total 175104K, used 2579K [0x000000008e400000, 0x0000000098f00000, 0x00000000da180000)
  object space 175104K, 1% used [0x000000008e400000,0x000000008e684cd8,0x0000000098f00000)
 Metaspace       used 20770K, capacity 21022K, committed 21248K, reserved 1069056K
  class space    used 2338K, capacity 2452K, committed 2560K, reserved 1048576K
}
Event: 4.532 GC heap before
{Heap before GC invocations=5 (full 1):
 PSYoungGen      total 141824K, used 10728K [0x00000000da180000, 0x00000000e3680000, 0x0000000100000000)
  eden space 131072K, 0% used [0x00000000da180000,0x00000000da180000,0x00000000e2180000)
  from space 10752K, 99% used [0x00000000e2c00000,0x00000000e367a0e0,0x00000000e3680000)
  to   space 10752K, 0% used [0x00000000e2180000,0x00000000e2180000,0x00000000e2c00000)
 ParOldGen       total 175104K, used 2579K [0x000000008e400000, 0x0000000098f00000, 0x00000000da180000)
  object space 175104K, 1% used [0x000000008e400000,0x000000008e684cd8,0x0000000098f00000)
 Metaspace       used 20770K, capacity 21022K, committed 21248K, reserved 1069056K
  class space    used 2338K, capacity 2452K, committed 2560K, reserved 1048576K
Event: 4.708 GC heap after
Heap after GC invocations=5 (full 1):
 PSYoungGen      total 141824K, used 0K [0x00000000da180000, 0x00000000e3680000, 0x0000000100000000)
  eden space 131072K, 0% used [0x00000000da180000,0x00000000da180000,0x00000000e2180000)
  from space 10752K, 0% used [0x00000000e2c00000,0x00000000e2c00000,0x00000000e3680000)
  to   space 10752K, 0% used [0x00000000e2180000,0x00000000e2180000,0x00000000e2c00000)
 ParOldGen       total 120320K, used 13152K [0x000000008e400000, 0x0000000095980000, 0x00000000da180000)
  object space 120320K, 10% used [0x000000008e400000,0x000000008f0d81a8,0x0000000095980000)
 Metaspace       used 20770K, capacity 21022K, committed 21248K, reserved 1069056K
  class space    used 2338K, capacity 2452K, committed 2560K, reserved 1048576K
}

